{"C:\\Users\\vansh narang\\Desktop\\Dev\\Lms\\Project_LMS\\Frontend\\app\\src\\Pages\\Homepage.jsx": {"path":"C:\\Users\\vansh narang\\Desktop\\Dev\\Lms\\Project_LMS\\Frontend\\app\\src\\Pages\\Homepage.jsx","statementMap":{"0":{"start":{"line":4,"column":4},"end":{"line":31,"column":6}}},"fnMap":{"0":{"name":"HomePage","decl":{"start":{"line":3,"column":9},"end":{"line":3,"column":17}},"loc":{"start":{"line":3,"column":20},"end":{"line":32,"column":1}},"line":3}},"branchMap":{},"s":{"0":1},"f":{"0":1},"b":{},"_coverageSchema":"1a1c01bbd47fc00a2c39e90264f33305004495a9","hash":"c53baabf0fedca3354dd8a617c5ae025a462b69b"}
,"C:\\Users\\vansh narang\\Desktop\\Dev\\Lms\\Project_LMS\\Frontend\\app\\src\\Pages\\LoginPage.jsx": {"path":"C:\\Users\\vansh narang\\Desktop\\Dev\\Lms\\Project_LMS\\Frontend\\app\\src\\Pages\\LoginPage.jsx","statementMap":{"0":{"start":{"line":7,"column":14},"end":{"line":115,"column":1}},"1":{"start":{"line":8,"column":21},"end":{"line":8,"column":34}},"2":{"start":{"line":9,"column":30},"end":{"line":9,"column":42}},"3":{"start":{"line":10,"column":38},"end":{"line":10,"column":53}},"4":{"start":{"line":11,"column":30},"end":{"line":11,"column":42}},"5":{"start":{"line":14,"column":4},"end":{"line":20,"column":11}},"6":{"start":{"line":15,"column":22},"end":{"line":15,"column":51}},"7":{"start":{"line":16,"column":8},"end":{"line":19,"column":9}},"8":{"start":{"line":17,"column":25},"end":{"line":17,"column":53}},"9":{"start":{"line":18,"column":12},"end":{"line":18,"column":38}},"10":{"start":{"line":22,"column":32},"end":{"line":33,"column":5}},"11":{"start":{"line":23,"column":8},"end":{"line":32,"column":9}},"12":{"start":{"line":25,"column":16},"end":{"line":25,"column":45}},"13":{"start":{"line":26,"column":16},"end":{"line":26,"column":22}},"14":{"start":{"line":28,"column":16},"end":{"line":28,"column":45}},"15":{"start":{"line":29,"column":16},"end":{"line":29,"column":22}},"16":{"start":{"line":31,"column":16},"end":{"line":31,"column":46}},"17":{"start":{"line":35,"column":25},"end":{"line":74,"column":5}},"18":{"start":{"line":36,"column":8},"end":{"line":36,"column":27}},"19":{"start":{"line":37,"column":8},"end":{"line":37,"column":21}},"20":{"start":{"line":38,"column":8},"end":{"line":38,"column":27}},"21":{"start":{"line":40,"column":8},"end":{"line":73,"column":9}},"22":{"start":{"line":41,"column":29},"end":{"line":49,"column":13}},"23":{"start":{"line":52,"column":12},"end":{"line":52,"column":52}},"24":{"start":{"line":55,"column":12},"end":{"line":55,"column":63}},"25":{"start":{"line":56,"column":12},"end":{"line":56,"column":61}},"26":{"start":{"line":59,"column":12},"end":{"line":59,"column":76}},"27":{"start":{"line":59,"column":29},"end":{"line":59,"column":68}},"28":{"start":{"line":64,"column":12},"end":{"line":68,"column":13}},"29":{"start":{"line":65,"column":16},"end":{"line":65,"column":52}},"30":{"start":{"line":67,"column":16},"end":{"line":67,"column":85}},"31":{"start":{"line":70,"column":12},"end":{"line":70,"column":40}},"32":{"start":{"line":72,"column":12},"end":{"line":72,"column":32}},"33":{"start":{"line":76,"column":4},"end":{"line":114,"column":6}},"34":{"start":{"line":90,"column":41},"end":{"line":90,"column":65}}},"fnMap":{"0":{"name":"(anonymous_0)","decl":{"start":{"line":7,"column":14},"end":{"line":7,"column":15}},"loc":{"start":{"line":7,"column":20},"end":{"line":115,"column":1}},"line":7},"1":{"name":"(anonymous_1)","decl":{"start":{"line":14,"column":14},"end":{"line":14,"column":15}},"loc":{"start":{"line":14,"column":20},"end":{"line":20,"column":5}},"line":14},"2":{"name":"(anonymous_2)","decl":{"start":{"line":22,"column":32},"end":{"line":22,"column":33}},"loc":{"start":{"line":22,"column":42},"end":{"line":33,"column":5}},"line":22},"3":{"name":"(anonymous_3)","decl":{"start":{"line":35,"column":25},"end":{"line":35,"column":26}},"loc":{"start":{"line":35,"column":38},"end":{"line":74,"column":5}},"line":35},"4":{"name":"(anonymous_4)","decl":{"start":{"line":59,"column":23},"end":{"line":59,"column":24}},"loc":{"start":{"line":59,"column":29},"end":{"line":59,"column":68}},"line":59},"5":{"name":"(anonymous_5)","decl":{"start":{"line":90,"column":34},"end":{"line":90,"column":35}},"loc":{"start":{"line":90,"column":41},"end":{"line":90,"column":65}},"line":90}},"branchMap":{"0":{"loc":{"start":{"line":16,"column":8},"end":{"line":19,"column":9}},"type":"if","locations":[{"start":{"line":16,"column":8},"end":{"line":19,"column":9}},{"start":{},"end":{}}],"line":16},"1":{"loc":{"start":{"line":23,"column":8},"end":{"line":32,"column":9}},"type":"switch","locations":[{"start":{"line":24,"column":12},"end":{"line":26,"column":22}},{"start":{"line":27,"column":12},"end":{"line":29,"column":22}},{"start":{"line":30,"column":12},"end":{"line":31,"column":46}}],"line":23},"2":{"loc":{"start":{"line":64,"column":12},"end":{"line":68,"column":13}},"type":"if","locations":[{"start":{"line":64,"column":12},"end":{"line":68,"column":13}},{"start":{"line":66,"column":19},"end":{"line":68,"column":13}}],"line":64},"3":{"loc":{"start":{"line":81,"column":17},"end":{"line":81,"column":71}},"type":"binary-expr","locations":[{"start":{"line":81,"column":17},"end":{"line":81,"column":22}},{"start":{"line":81,"column":26},"end":{"line":81,"column":71}}],"line":81},"4":{"loc":{"start":{"line":103,"column":31},"end":{"line":103,"column":57}},"type":"cond-expr","locations":[{"start":{"line":103,"column":43},"end":{"line":103,"column":52}},{"start":{"line":103,"column":55},"end":{"line":103,"column":57}}],"line":103},"5":{"loc":{"start":{"line":105,"column":21},"end":{"line":105,"column":58}},"type":"cond-expr","locations":[{"start":{"line":105,"column":33},"end":{"line":105,"column":48}},{"start":{"line":105,"column":51},"end":{"line":105,"column":58}}],"line":105}},"s":{"0":1,"1":101,"2":101,"3":101,"4":101,"5":101,"6":10,"7":10,"8":9,"9":9,"10":101,"11":9,"12":1,"13":1,"14":1,"15":1,"16":7,"17":101,"18":4,"19":4,"20":4,"21":4,"22":4,"23":2,"24":2,"25":1,"26":1,"27":0,"28":3,"29":1,"30":2,"31":3,"32":4,"33":101,"34":84},"f":{"0":101,"1":10,"2":9,"3":4,"4":0,"5":84},"b":{"0":[9,1],"1":[1,1,7],"2":[1,2],"3":[101,2],"4":[4,97],"5":[4,97]},"_coverageSchema":"1a1c01bbd47fc00a2c39e90264f33305004495a9","hash":"ed5d89542e7101ba6eee6cda31a0fa85bf7114d3"}
,"C:\\Users\\vansh narang\\Desktop\\Dev\\Lms\\Project_LMS\\Frontend\\app\\src\\Pages\\OwnerDashboard.jsx": {"path":"C:\\Users\\vansh narang\\Desktop\\Dev\\Lms\\Project_LMS\\Frontend\\app\\src\\Pages\\OwnerDashboard.jsx","statementMap":{"0":{"start":{"line":15,"column":23},"end":{"line":272,"column":1}},"1":{"start":{"line":17,"column":18},"end":{"line":17,"column":47}},"2":{"start":{"line":21,"column":52},"end":{"line":21,"column":67}},"3":{"start":{"line":22,"column":48},"end":{"line":22,"column":63}},"4":{"start":{"line":23,"column":42},"end":{"line":23,"column":54}},"5":{"start":{"line":24,"column":38},"end":{"line":24,"column":50}},"6":{"start":{"line":25,"column":40},"end":{"line":25,"column":52}},"7":{"start":{"line":26,"column":44},"end":{"line":26,"column":56}},"8":{"start":{"line":27,"column":34},"end":{"line":27,"column":49}},"9":{"start":{"line":28,"column":30},"end":{"line":28,"column":42}},"10":{"start":{"line":29,"column":38},"end":{"line":29,"column":48}},"11":{"start":{"line":30,"column":42},"end":{"line":30,"column":54}},"12":{"start":{"line":31,"column":32},"end":{"line":31,"column":44}},"13":{"start":{"line":33,"column":31},"end":{"line":35,"column":5}},"14":{"start":{"line":34,"column":8},"end":{"line":34,"column":34}},"15":{"start":{"line":37,"column":30},"end":{"line":41,"column":5}},"16":{"start":{"line":38,"column":8},"end":{"line":38,"column":35}},"17":{"start":{"line":39,"column":8},"end":{"line":39,"column":27}},"18":{"start":{"line":40,"column":8},"end":{"line":40,"column":21}},"19":{"start":{"line":43,"column":29},"end":{"line":45,"column":5}},"20":{"start":{"line":44,"column":8},"end":{"line":44,"column":32}},"21":{"start":{"line":47,"column":28},"end":{"line":53,"column":5}},"22":{"start":{"line":48,"column":8},"end":{"line":48,"column":33}},"23":{"start":{"line":49,"column":8},"end":{"line":49,"column":25}},"24":{"start":{"line":50,"column":8},"end":{"line":50,"column":26}},"25":{"start":{"line":51,"column":8},"end":{"line":51,"column":28}},"26":{"start":{"line":52,"column":8},"end":{"line":52,"column":21}},"27":{"start":{"line":55,"column":32},"end":{"line":86,"column":5}},"28":{"start":{"line":56,"column":8},"end":{"line":56,"column":27}},"29":{"start":{"line":57,"column":8},"end":{"line":57,"column":25}},"30":{"start":{"line":58,"column":8},"end":{"line":58,"column":21}},"31":{"start":{"line":60,"column":8},"end":{"line":85,"column":9}},"32":{"start":{"line":61,"column":29},"end":{"line":69,"column":14}},"33":{"start":{"line":71,"column":25},"end":{"line":71,"column":46}},"34":{"start":{"line":72,"column":12},"end":{"line":72,"column":29}},"35":{"start":{"line":73,"column":12},"end":{"line":73,"column":88}},"36":{"start":{"line":73,"column":30},"end":{"line":73,"column":88}},"37":{"start":{"line":76,"column":12},"end":{"line":76,"column":59}},"38":{"start":{"line":77,"column":12},"end":{"line":77,"column":32}},"39":{"start":{"line":79,"column":12},"end":{"line":79,"column":23}},"40":{"start":{"line":81,"column":12},"end":{"line":81,"column":36}},"41":{"start":{"line":82,"column":12},"end":{"line":82,"column":34}},"42":{"start":{"line":84,"column":12},"end":{"line":84,"column":30}},"43":{"start":{"line":87,"column":30},"end":{"line":123,"column":5}},"44":{"start":{"line":88,"column":8},"end":{"line":88,"column":27}},"45":{"start":{"line":89,"column":8},"end":{"line":89,"column":25}},"46":{"start":{"line":90,"column":8},"end":{"line":90,"column":21}},"47":{"start":{"line":92,"column":8},"end":{"line":122,"column":9}},"48":{"start":{"line":93,"column":29},"end":{"line":106,"column":14}},"49":{"start":{"line":108,"column":25},"end":{"line":108,"column":46}},"50":{"start":{"line":109,"column":12},"end":{"line":109,"column":86}},"51":{"start":{"line":109,"column":30},"end":{"line":109,"column":86}},"52":{"start":{"line":111,"column":12},"end":{"line":111,"column":57}},"53":{"start":{"line":113,"column":12},"end":{"line":113,"column":30}},"54":{"start":{"line":116,"column":12},"end":{"line":116,"column":23}},"55":{"start":{"line":118,"column":12},"end":{"line":118,"column":36}},"56":{"start":{"line":119,"column":12},"end":{"line":119,"column":34}},"57":{"start":{"line":121,"column":12},"end":{"line":121,"column":30}},"58":{"start":{"line":126,"column":8},"end":{"line":126,"column":26}},"59":{"start":{"line":127,"column":25},"end":{"line":133,"column":10}},"60":{"start":{"line":137,"column":8},"end":{"line":137,"column":47}},"61":{"start":{"line":138,"column":8},"end":{"line":138,"column":44}},"62":{"start":{"line":139,"column":8},"end":{"line":139,"column":43}},"63":{"start":{"line":164,"column":20},"end":{"line":169,"column":10}},"64":{"start":{"line":170,"column":8},"end":{"line":170,"column":36}},"65":{"start":{"line":171,"column":8},"end":{"line":171,"column":34}},"66":{"start":{"line":173,"column":4},"end":{"line":176,"column":10}},"67":{"start":{"line":174,"column":8},"end":{"line":174,"column":19}},"68":{"start":{"line":175,"column":8},"end":{"line":175,"column":19}},"69":{"start":{"line":178,"column":4},"end":{"line":271,"column":6}},"70":{"start":{"line":200,"column":49},"end":{"line":200,"column":79}},"71":{"start":{"line":221,"column":49},"end":{"line":221,"column":77}},"72":{"start":{"line":229,"column":49},"end":{"line":229,"column":78}},"73":{"start":{"line":237,"column":49},"end":{"line":237,"column":80}},"74":{"start":{"line":248,"column":20},"end":{"line":253,"column":26}},"75":{"start":{"line":259,"column":20},"end":{"line":263,"column":26}}},"fnMap":{"0":{"name":"(anonymous_0)","decl":{"start":{"line":15,"column":23},"end":{"line":15,"column":24}},"loc":{"start":{"line":15,"column":29},"end":{"line":272,"column":1}},"line":15},"1":{"name":"(anonymous_1)","decl":{"start":{"line":33,"column":31},"end":{"line":33,"column":32}},"loc":{"start":{"line":33,"column":37},"end":{"line":35,"column":5}},"line":33},"2":{"name":"(anonymous_2)","decl":{"start":{"line":37,"column":30},"end":{"line":37,"column":31}},"loc":{"start":{"line":37,"column":36},"end":{"line":41,"column":5}},"line":37},"3":{"name":"(anonymous_3)","decl":{"start":{"line":43,"column":29},"end":{"line":43,"column":30}},"loc":{"start":{"line":43,"column":35},"end":{"line":45,"column":5}},"line":43},"4":{"name":"(anonymous_4)","decl":{"start":{"line":47,"column":28},"end":{"line":47,"column":29}},"loc":{"start":{"line":47,"column":34},"end":{"line":53,"column":5}},"line":47},"5":{"name":"(anonymous_5)","decl":{"start":{"line":55,"column":32},"end":{"line":55,"column":33}},"loc":{"start":{"line":55,"column":45},"end":{"line":86,"column":5}},"line":55},"6":{"name":"(anonymous_6)","decl":{"start":{"line":87,"column":30},"end":{"line":87,"column":31}},"loc":{"start":{"line":87,"column":43},"end":{"line":123,"column":5}},"line":87},"7":{"name":"fetchLibs","decl":{"start":{"line":125,"column":19},"end":{"line":125,"column":28}},"loc":{"start":{"line":125,"column":31},"end":{"line":160,"column":5}},"line":125},"8":{"name":"getAdmins","decl":{"start":{"line":162,"column":19},"end":{"line":162,"column":28}},"loc":{"start":{"line":162,"column":31},"end":{"line":172,"column":5}},"line":162},"9":{"name":"(anonymous_9)","decl":{"start":{"line":173,"column":14},"end":{"line":173,"column":15}},"loc":{"start":{"line":173,"column":20},"end":{"line":176,"column":5}},"line":173},"10":{"name":"(anonymous_10)","decl":{"start":{"line":200,"column":42},"end":{"line":200,"column":43}},"loc":{"start":{"line":200,"column":49},"end":{"line":200,"column":79}},"line":200},"11":{"name":"(anonymous_11)","decl":{"start":{"line":221,"column":42},"end":{"line":221,"column":43}},"loc":{"start":{"line":221,"column":49},"end":{"line":221,"column":77}},"line":221},"12":{"name":"(anonymous_12)","decl":{"start":{"line":229,"column":42},"end":{"line":229,"column":43}},"loc":{"start":{"line":229,"column":49},"end":{"line":229,"column":78}},"line":229},"13":{"name":"(anonymous_13)","decl":{"start":{"line":237,"column":42},"end":{"line":237,"column":43}},"loc":{"start":{"line":237,"column":49},"end":{"line":237,"column":80}},"line":237},"14":{"name":"(anonymous_14)","decl":{"start":{"line":247,"column":33},"end":{"line":247,"column":34}},"loc":{"start":{"line":248,"column":20},"end":{"line":253,"column":26}},"line":248},"15":{"name":"(anonymous_15)","decl":{"start":{"line":258,"column":28},"end":{"line":258,"column":29}},"loc":{"start":{"line":259,"column":20},"end":{"line":263,"column":26}},"line":259}},"branchMap":{"0":{"loc":{"start":{"line":73,"column":12},"end":{"line":73,"column":88}},"type":"if","locations":[{"start":{"line":73,"column":12},"end":{"line":73,"column":88}},{"start":{},"end":{}}],"line":73},"1":{"loc":{"start":{"line":73,"column":46},"end":{"line":73,"column":86}},"type":"binary-expr","locations":[{"start":{"line":73,"column":46},"end":{"line":73,"column":56}},{"start":{"line":73,"column":60},"end":{"line":73,"column":86}}],"line":73},"2":{"loc":{"start":{"line":109,"column":12},"end":{"line":109,"column":86}},"type":"if","locations":[{"start":{"line":109,"column":12},"end":{"line":109,"column":86}},{"start":{},"end":{}}],"line":109},"3":{"loc":{"start":{"line":109,"column":46},"end":{"line":109,"column":84}},"type":"binary-expr","locations":[{"start":{"line":109,"column":46},"end":{"line":109,"column":56}},{"start":{"line":109,"column":60},"end":{"line":109,"column":84}}],"line":109},"4":{"loc":{"start":{"line":184,"column":17},"end":{"line":184,"column":120}},"type":"binary-expr","locations":[{"start":{"line":184,"column":17},"end":{"line":184,"column":27}},{"start":{"line":184,"column":32},"end":{"line":184,"column":119}}],"line":184},"5":{"loc":{"start":{"line":189,"column":13},"end":{"line":208,"column":13}},"type":"binary-expr","locations":[{"start":{"line":189,"column":13},"end":{"line":189,"column":29}},{"start":{"line":190,"column":16},"end":{"line":207,"column":22}}],"line":189},"6":{"loc":{"start":{"line":193,"column":25},"end":{"line":193,"column":66}},"type":"binary-expr","locations":[{"start":{"line":193,"column":25},"end":{"line":193,"column":30}},{"start":{"line":193,"column":34},"end":{"line":193,"column":66}}],"line":193},"7":{"loc":{"start":{"line":203,"column":70},"end":{"line":203,"column":104}},"type":"cond-expr","locations":[{"start":{"line":203,"column":80},"end":{"line":203,"column":93}},{"start":{"line":203,"column":96},"end":{"line":203,"column":104}}],"line":203},"8":{"loc":{"start":{"line":210,"column":13},"end":{"line":245,"column":13}},"type":"binary-expr","locations":[{"start":{"line":210,"column":13},"end":{"line":210,"column":27}},{"start":{"line":211,"column":16},"end":{"line":244,"column":22}}],"line":210},"9":{"loc":{"start":{"line":214,"column":25},"end":{"line":214,"column":66}},"type":"binary-expr","locations":[{"start":{"line":214,"column":25},"end":{"line":214,"column":30}},{"start":{"line":214,"column":34},"end":{"line":214,"column":66}}],"line":214},"10":{"loc":{"start":{"line":240,"column":70},"end":{"line":240,"column":104}},"type":"cond-expr","locations":[{"start":{"line":240,"column":80},"end":{"line":240,"column":93}},{"start":{"line":240,"column":96},"end":{"line":240,"column":104}}],"line":240},"11":{"loc":{"start":{"line":249,"column":34},"end":{"line":249,"column":56}},"type":"binary-expr","locations":[{"start":{"line":249,"column":34},"end":{"line":249,"column":43}},{"start":{"line":249,"column":47},"end":{"line":249,"column":56}}],"line":249},"12":{"loc":{"start":{"line":250,"column":32},"end":{"line":250,"column":44}},"type":"binary-expr","locations":[{"start":{"line":250,"column":32},"end":{"line":250,"column":39}},{"start":{"line":250,"column":43},"end":{"line":250,"column":44}}],"line":250},"13":{"loc":{"start":{"line":251,"column":32},"end":{"line":251,"column":51}},"type":"binary-expr","locations":[{"start":{"line":251,"column":32},"end":{"line":251,"column":46}},{"start":{"line":251,"column":50},"end":{"line":251,"column":51}}],"line":251},"14":{"loc":{"start":{"line":252,"column":25},"end":{"line":252,"column":126}},"type":"binary-expr","locations":[{"start":{"line":252,"column":25},"end":{"line":252,"column":34}},{"start":{"line":252,"column":38},"end":{"line":252,"column":39}},{"start":{"line":252,"column":44},"end":{"line":252,"column":125}}],"line":252}},"s":{"0":1,"1":20,"2":20,"3":19,"4":19,"5":19,"6":19,"7":19,"8":19,"9":19,"10":19,"11":19,"12":19,"13":19,"14":3,"15":19,"16":0,"17":0,"18":0,"19":19,"20":0,"21":19,"22":0,"23":0,"24":0,"25":0,"26":0,"27":19,"28":0,"29":0,"30":0,"31":0,"32":0,"33":0,"34":0,"35":0,"36":0,"37":0,"38":0,"39":0,"40":0,"41":0,"42":0,"43":19,"44":0,"45":0,"46":0,"47":0,"48":0,"49":0,"50":0,"51":0,"52":0,"53":0,"54":0,"55":0,"56":0,"57":0,"58":8,"59":8,"60":8,"61":8,"62":8,"63":8,"64":8,"65":8,"66":19,"67":8,"68":8,"69":19,"70":0,"71":0,"72":0,"73":0,"74":11,"75":2},"f":{"0":20,"1":3,"2":0,"3":0,"4":0,"5":0,"6":0,"7":8,"8":8,"9":8,"10":0,"11":0,"12":0,"13":0,"14":11,"15":2},"b":{"0":[0,0],"1":[0,0],"2":[0,0],"3":[0,0],"4":[19,11],"5":[19,3],"6":[3,0],"7":[0,3],"8":[19,0],"9":[0,0],"10":[0,0],"11":[11,3],"12":[11,3],"13":[11,9],"14":[11,3,0]},"_coverageSchema":"1a1c01bbd47fc00a2c39e90264f33305004495a9","hash":"31e81bba9cd303486c0765dc975da84ed115e698"}
}
